==========
Rusty_Sword
5
Weapon
1
None
0
A_rusted,_battered_sword,_probably_from_an_unfortunate_adventurer_who_came_before.
==========
Dented_Shield
6
Armor_(Offhand)
1
None
0
There's_so_many_dents_in_this_thing_that_it's_questionable_if_it'll_even_work...
==========
Leather_Armor
8
Armor_(Chestpiece)
2
None
0
It's_a_little_beat_up,_but_it's_better_than_nothing.
==========
Steel_Sword
8
Weapon
1
None
0
A_sword_that's_sharp_and_in_decent_shape,_all_things_considered.
==========
Basic_Health_Potion
10
Potion
1
None
0
Your_standard_health_potion._Restores_10_HP.